<?xml version='1.0'?>
<ns2:test-suite xmlns:ns2='urn:model.allure.qatools.yandex.ru' start='1675162489314' stop='1675162540422'>
    <name>Sign Up to FLAT6LABS Reading Data from newly created json file</name>
    <title>Sign Up to FLAT6LABS Reading Data from newly created json file</title>
    <test-cases>
        <test-case start='1675162489315' status='passed' stop='1675162492869'>
            <name>login as Incubator </name>
            <title>login as Incubator </title>
            <labels/>
            <parameters/>
            <steps/>
            <attachments/>
        </test-case>
        <test-case start='1675162492902' status='passed' stop='1675162493324'>
            <name>Go to EcoSystem</name>
            <title>Go to EcoSystem</title>
            <labels/>
            <parameters/>
            <steps/>
            <attachments/>
        </test-case>
        <test-case start='1675162493328' status='passed' stop='1675162495609'>
            <name>Select a program and click on the program selected</name>
            <title>Select a program and click on the program selected</title>
            <labels/>
            <parameters/>
            <steps/>
            <attachments/>
        </test-case>
        <test-case start='1675162495614' status='failed' stop='1675162501420'>
            <name>fill the first interface</name>
            <title>fill the first interface</title>
            <labels/>
            <parameters/>
            <steps/>
            <attachments/>
            <failure>
                <message>Timed out retrying after 4000ms: Expected to find element: `:nth-child(3) > .MuiFormGroup-root > .MuiFormControlLabel-root`, but never found it.</message>
                <stack-trace>AssertionError: Timed out retrying after 4000ms: Expected to find element: `:nth-child(3) > .MuiFormGroup-root > .MuiFormControlLabel-root`, but never found it.
                    at Context.eval (webpack:///./cypress/PageObjects/Application/FillFormsApplication.js:7:19)</stack-trace>
            </failure>
        </test-case>
        <test-case start='1675162501499' status='failed' stop='1675162505674'>
            <name>Check successful message of form 1</name>
            <title>Check successful message of form 1</title>
            <labels/>
            <parameters/>
            <steps/>
            <attachments/>
            <failure>
                <message>Timed out retrying after 4000ms: Expected to find element: `h3`, but never found it.</message>
                <stack-trace>AssertionError: Timed out retrying after 4000ms: Expected to find element: `h3`, but never found it.
                    at Context.eval (webpack:///./cypress/PageObjects/Application/FillFormsApplication.js:19:54)</stack-trace>
            </failure>
        </test-case>
        <test-case start='1675162505686' status='failed' stop='1675162509924'>
            <name>fill the seconde interface</name>
            <title>fill the seconde interface</title>
            <labels/>
            <parameters/>
            <steps/>
            <attachments/>
            <failure>
                <message>Timed out retrying after 4000ms: Expected to find element: `:nth-child(2) > :nth-child(1) > .MuiFormGroup-root > .MuiFormControlLabel-root`, but never found it.</message>
                <stack-trace>AssertionError: Timed out retrying after 4000ms: Expected to find element: `:nth-child(2) > :nth-child(1) > .MuiFormGroup-root > .MuiFormControlLabel-root`, but never found it.
                    at Context.eval (webpack:///./cypress/PageObjects/Application/FillFormsApplication.js:28:19)</stack-trace>
            </failure>
        </test-case>
        <test-case start='1675162510001' status='failed' stop='1675162514151'>
            <name>Check successful message of form 2</name>
            <title>Check successful message of form 2</title>
            <labels/>
            <parameters/>
            <steps/>
            <attachments/>
            <failure>
                <message>Timed out retrying after 4000ms: Expected to find element: `:nth-child(2) > :nth-child(1) > .flex-wrap > :nth-child(2) > .muiltr-0 > .MuiButton-root`, but never found it.</message>
                <stack-trace>AssertionError: Timed out retrying after 4000ms: Expected to find element: `:nth-child(2) > :nth-child(1) > .flex-wrap > :nth-child(2) > .muiltr-0 > .MuiButton-root`, but never found it.
                    at Context.eval (webpack:///./cypress/PageObjects/Application/FillFormsApplication.js:42:19)</stack-trace>
            </failure>
        </test-case>
        <test-case start='1675162514172' status='failed' stop='1675162518446'>
            <name>fill the seconde interface</name>
            <title>fill the seconde interface</title>
            <labels/>
            <parameters/>
            <steps/>
            <attachments/>
            <failure>
                <message>Timed out retrying after 4000ms: Expected to find element: `#mui-component-select-legalForm`, but never found it.</message>
                <stack-trace>AssertionError: Timed out retrying after 4000ms: Expected to find element: `#mui-component-select-legalForm`, but never found it.
                    at Context.eval (webpack:///./cypress/PageObjects/Application/FillFormsApplication.js:52:19)</stack-trace>
            </failure>
        </test-case>
        <test-case start='1675162518513' status='failed' stop='1675162522711'>
            <name>Check successful message of form 2</name>
            <title>Check successful message of form 2</title>
            <labels/>
            <parameters/>
            <steps/>
            <attachments/>
            <failure>
                <message>Timed out retrying after 4000ms: Expected to find element: `:nth-child(3) > :nth-child(1) > .flex-wrap > :nth-child(2) > .muiltr-0 > .MuiButton-root`, but never found it.</message>
                <stack-trace>AssertionError: Timed out retrying after 4000ms: Expected to find element: `:nth-child(3) > :nth-child(1) > .flex-wrap > :nth-child(2) > .muiltr-0 > .MuiButton-root`, but never found it.
                    at Context.eval (webpack:///./cypress/PageObjects/Application/FillFormsApplication.js:74:19)</stack-trace>
            </failure>
        </test-case>
        <test-case start='1675162522787' status='passed' stop='1675162523132'>
            <name>LogOut from the website</name>
            <title>LogOut from the website</title>
            <labels/>
            <parameters/>
            <steps/>
            <attachments/>
        </test-case>
    </test-cases>
</ns2:test-suite>