<?xml version='1.0'?>
<ns2:test-suite xmlns:ns2='urn:model.allure.qatools.yandex.ru' start='1673268846924' stop='1673268911693'>
    <name>Login</name>
    <title>Login</title>
    <test-cases>
        <test-case start='1673268846924' status='passed' stop='1673268847693'>
            <name>Should visit the login page correctly</name>
            <title>Should visit the login page correctly</title>
            <labels/>
            <parameters/>
            <steps/>
            <attachments/>
        </test-case>
        <test-case start='1673268847728' status='passed' stop='1673268849143'>
            <name>Login as incubator</name>
            <title>Login as incubator</title>
            <labels/>
            <parameters/>
            <steps/>
            <attachments/>
        </test-case>
        <test-case start='1673268849160' status='passed' stop='1673268849756'>
            <name>Open the page Porgrams</name>
            <title>Open the page Porgrams</title>
            <labels/>
            <parameters/>
            <steps/>
            <attachments/>
        </test-case>
        <test-case start='1673268849773' status='passed' stop='1673268850128'>
            <name>Open the popup for adding new program</name>
            <title>Open the popup for adding new program</title>
            <labels/>
            <parameters/>
            <steps/>
            <attachments/>
        </test-case>
        <test-case start='1673268850134' status='passed' stop='1673268854770'>
            <name>Fill the forms of addition new program and check the program is Successfuly added</name>
            <title>Fill the forms of addition new program and check the program is Successfuly added</title>
            <labels/>
            <parameters/>
            <steps/>
            <attachments/>
        </test-case>
        <test-case start='1673268854777' status='passed' stop='1673268855117'>
            <name>Open the popup for adding new Cycle</name>
            <title>Open the popup for adding new Cycle</title>
            <labels/>
            <parameters/>
            <steps/>
            <attachments/>
        </test-case>
        <test-case start='1673268855131' status='passed' stop='1673268867621'>
            <name>Fill the forms of addition new cycle and check the cycle is Successfuly added</name>
            <title>Fill the forms of addition new cycle and check the cycle is Successfuly added</title>
            <labels/>
            <parameters/>
            <steps/>
            <attachments/>
        </test-case>
        <test-case start='1673268867663' status='broken' stop='1673268871969'>
            <name>LogOut from the website</name>
            <title>LogOut from the website</title>
            <labels/>
            <parameters/>
            <steps/>
            <attachments/>
            <failure>
                <message>Timed out retrying after 4050ms: `cy.click()` failed because this element:
                
                `&lt;div class="MuiAvatar-root MuiAvatar-circular MuiAvatar-colorDefault md:mx-4 muiltr-vvo78j">u&lt;/div>`
                
                is being covered by another element:
                
                `&lt;div class="MuiDialog-container MuiDialog-scrollPaper muiltr-16u656j" role="presentation" tabindex="-1" style="opacity: 1; transition: opacity 225ms cubic-bezier(0.4, 0, 0.2, 1) 0ms;">...&lt;/div>`
                
                Fix this problem, or use {force: true} to disable error checking.
                
                https://on.cypress.io/element-cannot-be-interacted-with</message>
                <stack-trace>CypressError: Timed out retrying after 4050ms: `cy.click()` failed because this element:
                
                `&lt;div class="MuiAvatar-root MuiAvatar-circular MuiAvatar-colorDefault md:mx-4 muiltr-vvo78j">u&lt;/div>`
                
                is being covered by another element:
                
                `&lt;div class="MuiDialog-container MuiDialog-scrollPaper muiltr-16u656j" role="presentation" tabindex="-1" style="opacity: 1; transition: opacity 225ms cubic-bezier(0.4, 0, 0.2, 1) 0ms;">...&lt;/div>`
                
                Fix this problem, or use {force: true} to disable error checking.
                
                https://on.cypress.io/element-cannot-be-interacted-with
                    at $Cy.ensureDescendents (https://dev.f6l-new.mobelite.fr/__cypress/runner/cypress_runner.js:148008:78)
                    at ensureDescendents (https://dev.f6l-new.mobelite.fr/__cypress/runner/cypress_runner.js:133248:8)
                    at ensureDescendentsAndScroll (https://dev.f6l-new.mobelite.fr/__cypress/runner/cypress_runner.js:133255:14)
                    at ensureElIsNotCovered (https://dev.f6l-new.mobelite.fr/__cypress/runner/cypress_runner.js:133387:5)
                    at runAllChecks (https://dev.f6l-new.mobelite.fr/__cypress/runner/cypress_runner.js:133577:52)
                    at retryActionability (https://dev.f6l-new.mobelite.fr/__cypress/runner/cypress_runner.js:133601:16)
                    at tryCatcher (https://dev.f6l-new.mobelite.fr/__cypress/runner/cypress_runner.js:11327:23)
                    at Promise.attempt.Promise.try (https://dev.f6l-new.mobelite.fr/__cypress/runner/cypress_runner.js:8601:29)
                    at whenStable (https://dev.f6l-new.mobelite.fr/__cypress/runner/cypress_runner.js:153099:65)
                    at &lt;unknown> (https://dev.f6l-new.mobelite.fr/__cypress/runner/cypress_runner.js:152508:14)
                    at tryCatcher (https://dev.f6l-new.mobelite.fr/__cypress/runner/cypress_runner.js:11327:23)
                    at Promise._settlePromiseFromHandler (https://dev.f6l-new.mobelite.fr/__cypress/runner/cypress_runner.js:9262:31)
                    at Promise._settlePromise (https://dev.f6l-new.mobelite.fr/__cypress/runner/cypress_runner.js:9319:18)
                    at Promise._settlePromise0 (https://dev.f6l-new.mobelite.fr/__cypress/runner/cypress_runner.js:9364:10)
                    at Promise._settlePromises (https://dev.f6l-new.mobelite.fr/__cypress/runner/cypress_runner.js:9444:18)
                    at Promise._fulfill (https://dev.f6l-new.mobelite.fr/__cypress/runner/cypress_runner.js:9388:18)
                    at &lt;unknown> (https://dev.f6l-new.mobelite.fr/__cypress/runner/cypress_runner.js:11002:46)
                From Your Spec Code:
                    at Context.eval (webpack:///./cypress/PageObjects/Logout/Logout.js:4:42)</stack-trace>
            </failure>
        </test-case>
        <test-case start='1673268872020' status='broken' stop='1673268883221'>
            <name>Login as admin</name>
            <title>Login as admin</title>
            <labels/>
            <parameters/>
            <steps/>
            <attachments/>
            <failure>
                <message>`cy.type()` can only be called on a single element. Your subject contained 12 elements.
                
                https://on.cypress.io/type</message>
                <stack-trace>CypressError: `cy.type()` can only be called on a single element. Your subject contained 12 elements.
                
                https://on.cypress.io/type
                    at Context.type (https://dev.f6l-new.mobelite.fr/__cypress/runner/cypress_runner.js:137612:76)
                    at wrapped (https://dev.f6l-new.mobelite.fr/__cypress/runner/cypress_runner.js:157859:19)
                From Your Spec Code:
                    at Context.eval (webpack:///./cypress/PageObjects/Login/Login.js:4:59)</stack-trace>
            </failure>
        </test-case>
        <test-case start='1673268883256' status='failed' stop='1673268887425'>
            <name>Go to Support</name>
            <title>Go to Support</title>
            <labels/>
            <parameters/>
            <steps/>
            <attachments/>
            <failure>
                <message>Timed out retrying after 4000ms: Expected to find element: `[href='/admin/supports']`, but never found it.</message>
                <stack-trace>AssertionError: Timed out retrying after 4000ms: Expected to find element: `[href='/admin/supports']`, but never found it.
                    at Context.eval (webpack:///./cypress/PageObjects/Support request/SupportAdminPage.js:5:15)</stack-trace>
            </failure>
        </test-case>
        <test-case start='1673268887511' status='failed' stop='1673268891674'>
            <name>Accept Cycle Approval </name>
            <title>Accept Cycle Approval </title>
            <labels/>
            <parameters/>
            <steps/>
            <attachments/>
            <failure>
                <message>Timed out retrying after 4000ms: Expected to find element: `[href='/admin/supports/inbox/cycleApproval']`, but never found it.</message>
                <stack-trace>AssertionError: Timed out retrying after 4000ms: Expected to find element: `[href='/admin/supports/inbox/cycleApproval']`, but never found it.
                    at Context.eval (webpack:///./cypress/PageObjects/Support request/SupportAdminPage.js:11:15)</stack-trace>
            </failure>
        </test-case>
        <test-case start='1673268891685' status='broken' stop='1673268895996'>
            <name>LogOut from the website</name>
            <title>LogOut from the website</title>
            <labels/>
            <parameters/>
            <steps/>
            <attachments/>
            <failure>
                <message>Timed out retrying after 4050ms: `cy.click()` failed because this element:
                
                `&lt;div class="MuiAvatar-root MuiAvatar-circular MuiAvatar-colorDefault md:mx-4 muiltr-vvo78j">u&lt;/div>`
                
                is being covered by another element:
                
                `&lt;div class="MuiDialog-container MuiDialog-scrollPaper muiltr-16u656j" role="presentation" tabindex="-1" style="opacity: 1; transition: opacity 225ms cubic-bezier(0.4, 0, 0.2, 1) 0ms;">...&lt;/div>`
                
                Fix this problem, or use {force: true} to disable error checking.
                
                https://on.cypress.io/element-cannot-be-interacted-with</message>
                <stack-trace>CypressError: Timed out retrying after 4050ms: `cy.click()` failed because this element:
                
                `&lt;div class="MuiAvatar-root MuiAvatar-circular MuiAvatar-colorDefault md:mx-4 muiltr-vvo78j">u&lt;/div>`
                
                is being covered by another element:
                
                `&lt;div class="MuiDialog-container MuiDialog-scrollPaper muiltr-16u656j" role="presentation" tabindex="-1" style="opacity: 1; transition: opacity 225ms cubic-bezier(0.4, 0, 0.2, 1) 0ms;">...&lt;/div>`
                
                Fix this problem, or use {force: true} to disable error checking.
                
                https://on.cypress.io/element-cannot-be-interacted-with
                    at $Cy.ensureDescendents (https://dev.f6l-new.mobelite.fr/__cypress/runner/cypress_runner.js:148008:78)
                    at ensureDescendents (https://dev.f6l-new.mobelite.fr/__cypress/runner/cypress_runner.js:133248:8)
                    at ensureDescendentsAndScroll (https://dev.f6l-new.mobelite.fr/__cypress/runner/cypress_runner.js:133255:14)
                    at ensureElIsNotCovered (https://dev.f6l-new.mobelite.fr/__cypress/runner/cypress_runner.js:133387:5)
                    at runAllChecks (https://dev.f6l-new.mobelite.fr/__cypress/runner/cypress_runner.js:133577:52)
                    at retryActionability (https://dev.f6l-new.mobelite.fr/__cypress/runner/cypress_runner.js:133601:16)
                    at tryCatcher (https://dev.f6l-new.mobelite.fr/__cypress/runner/cypress_runner.js:11327:23)
                    at Promise.attempt.Promise.try (https://dev.f6l-new.mobelite.fr/__cypress/runner/cypress_runner.js:8601:29)
                    at whenStable (https://dev.f6l-new.mobelite.fr/__cypress/runner/cypress_runner.js:153099:65)
                    at &lt;unknown> (https://dev.f6l-new.mobelite.fr/__cypress/runner/cypress_runner.js:152508:14)
                    at tryCatcher (https://dev.f6l-new.mobelite.fr/__cypress/runner/cypress_runner.js:11327:23)
                    at Promise._settlePromiseFromHandler (https://dev.f6l-new.mobelite.fr/__cypress/runner/cypress_runner.js:9262:31)
                    at Promise._settlePromise (https://dev.f6l-new.mobelite.fr/__cypress/runner/cypress_runner.js:9319:18)
                    at Promise._settlePromise0 (https://dev.f6l-new.mobelite.fr/__cypress/runner/cypress_runner.js:9364:10)
                    at Promise._settlePromises (https://dev.f6l-new.mobelite.fr/__cypress/runner/cypress_runner.js:9444:18)
                    at Promise._fulfill (https://dev.f6l-new.mobelite.fr/__cypress/runner/cypress_runner.js:9388:18)
                    at &lt;unknown> (https://dev.f6l-new.mobelite.fr/__cypress/runner/cypress_runner.js:11002:46)
                From Your Spec Code:
                    at Context.eval (webpack:///./cypress/PageObjects/Logout/Logout.js:4:42)</stack-trace>
            </failure>
        </test-case>
        <test-case start='1673268896005' status='broken' stop='1673268907268'>
            <name>Login as Incubator</name>
            <title>Login as Incubator</title>
            <labels/>
            <parameters/>
            <steps/>
            <attachments/>
            <failure>
                <message>`cy.type()` can only be called on a single element. Your subject contained 12 elements.
                
                https://on.cypress.io/type</message>
                <stack-trace>CypressError: `cy.type()` can only be called on a single element. Your subject contained 12 elements.
                
                https://on.cypress.io/type
                    at Context.type (https://dev.f6l-new.mobelite.fr/__cypress/runner/cypress_runner.js:137612:76)
                    at wrapped (https://dev.f6l-new.mobelite.fr/__cypress/runner/cypress_runner.js:157859:19)
                From Your Spec Code:
                    at Context.eval (webpack:///./cypress/PageObjects/Login/Login.js:4:59)</stack-trace>
            </failure>
        </test-case>
        <test-case start='1673268907287' status='broken' stop='1673268911593'>
            <name>Check the content message of the notification </name>
            <title>Check the content message of the notification </title>
            <labels/>
            <parameters/>
            <steps/>
            <attachments/>
            <failure>
                <message>Timed out retrying after 4050ms: `cy.click()` failed because this element:
                
                `&lt;button class="MuiButtonBase-root MuiIconButton-root MuiIconButton-sizeLarge w-40 h-40 muiltr-kszew2" tabindex="0" type="button" name="notifications" label="notifications" aria-label="notifications">...&lt;/button>`
                
                is being covered by another element:
                
                `&lt;div class="MuiDialog-container MuiDialog-scrollPaper muiltr-16u656j" role="presentation" tabindex="-1" style="opacity: 1; transition: opacity 225ms cubic-bezier(0.4, 0, 0.2, 1) 0ms;">...&lt;/div>`
                
                Fix this problem, or use {force: true} to disable error checking.
                
                https://on.cypress.io/element-cannot-be-interacted-with</message>
                <stack-trace>CypressError: Timed out retrying after 4050ms: `cy.click()` failed because this element:
                
                `&lt;button class="MuiButtonBase-root MuiIconButton-root MuiIconButton-sizeLarge w-40 h-40 muiltr-kszew2" tabindex="0" type="button" name="notifications" label="notifications" aria-label="notifications">...&lt;/button>`
                
                is being covered by another element:
                
                `&lt;div class="MuiDialog-container MuiDialog-scrollPaper muiltr-16u656j" role="presentation" tabindex="-1" style="opacity: 1; transition: opacity 225ms cubic-bezier(0.4, 0, 0.2, 1) 0ms;">...&lt;/div>`
                
                Fix this problem, or use {force: true} to disable error checking.
                
                https://on.cypress.io/element-cannot-be-interacted-with
                    at $Cy.ensureDescendents (https://dev.f6l-new.mobelite.fr/__cypress/runner/cypress_runner.js:148008:78)
                    at ensureDescendents (https://dev.f6l-new.mobelite.fr/__cypress/runner/cypress_runner.js:133248:8)
                    at ensureDescendentsAndScroll (https://dev.f6l-new.mobelite.fr/__cypress/runner/cypress_runner.js:133255:14)
                    at ensureElIsNotCovered (https://dev.f6l-new.mobelite.fr/__cypress/runner/cypress_runner.js:133387:5)
                    at runAllChecks (https://dev.f6l-new.mobelite.fr/__cypress/runner/cypress_runner.js:133577:52)
                    at retryActionability (https://dev.f6l-new.mobelite.fr/__cypress/runner/cypress_runner.js:133601:16)
                    at tryCatcher (https://dev.f6l-new.mobelite.fr/__cypress/runner/cypress_runner.js:11327:23)
                    at Promise.attempt.Promise.try (https://dev.f6l-new.mobelite.fr/__cypress/runner/cypress_runner.js:8601:29)
                    at whenStable (https://dev.f6l-new.mobelite.fr/__cypress/runner/cypress_runner.js:153099:65)
                    at &lt;unknown> (https://dev.f6l-new.mobelite.fr/__cypress/runner/cypress_runner.js:152508:14)
                    at tryCatcher (https://dev.f6l-new.mobelite.fr/__cypress/runner/cypress_runner.js:11327:23)
                    at Promise._settlePromiseFromHandler (https://dev.f6l-new.mobelite.fr/__cypress/runner/cypress_runner.js:9262:31)
                    at Promise._settlePromise (https://dev.f6l-new.mobelite.fr/__cypress/runner/cypress_runner.js:9319:18)
                    at Promise._settlePromise0 (https://dev.f6l-new.mobelite.fr/__cypress/runner/cypress_runner.js:9364:10)
                    at Promise._settlePromises (https://dev.f6l-new.mobelite.fr/__cypress/runner/cypress_runner.js:9444:18)
                    at Promise._fulfill (https://dev.f6l-new.mobelite.fr/__cypress/runner/cypress_runner.js:9388:18)
                    at &lt;unknown> (https://dev.f6l-new.mobelite.fr/__cypress/runner/cypress_runner.js:11002:46)
                From Your Spec Code:
                    at Context.eval (webpack:///./cypress/PageObjects/Programs/AddNewProgramPage.js:11:64)</stack-trace>
            </failure>
        </test-case>
    </test-cases>
</ns2:test-suite>