<?xml version='1.0'?>
<ns2:test-suite xmlns:ns2='urn:model.allure.qatools.yandex.ru' start='1673273108214' stop='1673273160073'>
    <name>Sign Up to FLAT6LABS Reading Data from newly created json file</name>
    <title>Sign Up to FLAT6LABS Reading Data from newly created json file</title>
    <test-cases>
        <test-case start='1673273108214' status='passed' stop='1673273111513'>
            <name>login as Incubator </name>
            <title>login as Incubator </title>
            <labels/>
            <parameters/>
            <steps/>
            <attachments/>
        </test-case>
        <test-case start='1673273111528' status='passed' stop='1673273111798'>
            <name>Go to EcoSystem</name>
            <title>Go to EcoSystem</title>
            <labels/>
            <parameters/>
            <steps/>
            <attachments/>
        </test-case>
        <test-case start='1673273111835' status='failed' stop='1673273117740'>
            <name>Select a program and click on the program selected</name>
            <title>Select a program and click on the program selected</title>
            <labels/>
            <parameters/>
            <steps/>
            <attachments/>
            <failure>
                <message>Timed out retrying after 4000ms: Expected to find element: `:nth-child(1) > :nth-child(7) > .MuiBox-root > .MuiButton-root`, but never found it.</message>
                <stack-trace>AssertionError: Timed out retrying after 4000ms: Expected to find element: `:nth-child(1) > :nth-child(7) > .MuiBox-root > .MuiButton-root`, but never found it.
                    at Context.eval (webpack:///./cypress/PageObjects/EcoSystem/EcoSystem.js:18:15)</stack-trace>
            </failure>
        </test-case>
        <test-case start='1673273117755' status='failed' stop='1673273123432'>
            <name>fill the first interface</name>
            <title>fill the first interface</title>
            <labels/>
            <parameters/>
            <steps/>
            <attachments/>
            <failure>
                <message>Timed out retrying after 4000ms: Expected to find element: `:nth-child(3) > .MuiFormGroup-root > .MuiFormControlLabel-root`, but never found it.</message>
                <stack-trace>AssertionError: Timed out retrying after 4000ms: Expected to find element: `:nth-child(3) > .MuiFormGroup-root > .MuiFormControlLabel-root`, but never found it.
                    at Context.eval (webpack:///./cypress/PageObjects/Application/FillFormsApplication.js:7:19)</stack-trace>
            </failure>
        </test-case>
        <test-case start='1673273123441' status='failed' stop='1673273127586'>
            <name>Check successful message of form 1</name>
            <title>Check successful message of form 1</title>
            <labels/>
            <parameters/>
            <steps/>
            <attachments/>
            <failure>
                <message>Timed out retrying after 4000ms: Expected to find element: `h3`, but never found it.</message>
                <stack-trace>AssertionError: Timed out retrying after 4000ms: Expected to find element: `h3`, but never found it.
                    at Context.eval (webpack:///./cypress/PageObjects/Application/FillFormsApplication.js:19:54)</stack-trace>
            </failure>
        </test-case>
        <test-case start='1673273127597' status='failed' stop='1673273131770'>
            <name>fill the seconde interface</name>
            <title>fill the seconde interface</title>
            <labels/>
            <parameters/>
            <steps/>
            <attachments/>
            <failure>
                <message>Timed out retrying after 4000ms: Expected to find element: `:nth-child(2) > :nth-child(1) > .MuiFormGroup-root > .MuiFormControlLabel-root`, but never found it.</message>
                <stack-trace>AssertionError: Timed out retrying after 4000ms: Expected to find element: `:nth-child(2) > :nth-child(1) > .MuiFormGroup-root > .MuiFormControlLabel-root`, but never found it.
                    at Context.eval (webpack:///./cypress/PageObjects/Application/FillFormsApplication.js:28:19)</stack-trace>
            </failure>
        </test-case>
        <test-case start='1673273131810' status='failed' stop='1673273135989'>
            <name>Check successful message of form 2</name>
            <title>Check successful message of form 2</title>
            <labels/>
            <parameters/>
            <steps/>
            <attachments/>
            <failure>
                <message>Timed out retrying after 4000ms: Expected to find element: `:nth-child(2) > :nth-child(1) > .flex-wrap > :nth-child(2) > .muiltr-0 > .MuiButton-root`, but never found it.</message>
                <stack-trace>AssertionError: Timed out retrying after 4000ms: Expected to find element: `:nth-child(2) > :nth-child(1) > .flex-wrap > :nth-child(2) > .muiltr-0 > .MuiButton-root`, but never found it.
                    at Context.eval (webpack:///./cypress/PageObjects/Application/FillFormsApplication.js:42:19)</stack-trace>
            </failure>
        </test-case>
        <test-case start='1673273136042' status='failed' stop='1673273140176'>
            <name>fill the seconde interface</name>
            <title>fill the seconde interface</title>
            <labels/>
            <parameters/>
            <steps/>
            <attachments/>
            <failure>
                <message>Timed out retrying after 4000ms: Expected to find element: `#mui-component-select-legalForm`, but never found it.</message>
                <stack-trace>AssertionError: Timed out retrying after 4000ms: Expected to find element: `#mui-component-select-legalForm`, but never found it.
                    at Context.eval (webpack:///./cypress/PageObjects/Application/FillFormsApplication.js:52:19)</stack-trace>
            </failure>
        </test-case>
        <test-case start='1673273140185' status='failed' stop='1673273144352'>
            <name>Check successful message of form 2</name>
            <title>Check successful message of form 2</title>
            <labels/>
            <parameters/>
            <steps/>
            <attachments/>
            <failure>
                <message>Timed out retrying after 4000ms: Expected to find element: `:nth-child(3) > :nth-child(1) > .flex-wrap > :nth-child(2) > .muiltr-0 > .MuiButton-root`, but never found it.</message>
                <stack-trace>AssertionError: Timed out retrying after 4000ms: Expected to find element: `:nth-child(3) > :nth-child(1) > .flex-wrap > :nth-child(2) > .muiltr-0 > .MuiButton-root`, but never found it.
                    at Context.eval (webpack:///./cypress/PageObjects/Application/FillFormsApplication.js:74:19)</stack-trace>
            </failure>
        </test-case>
        <test-case start='1673273144361' status='passed' stop='1673273144622'>
            <name>LogOut from the website</name>
            <title>LogOut from the website</title>
            <labels/>
            <parameters/>
            <steps/>
            <attachments/>
        </test-case>
    </test-cases>
</ns2:test-suite>