<?xml version='1.0'?>
<ns2:test-suite xmlns:ns2='urn:model.allure.qatools.yandex.ru' start='1673277289414' stop='1673277345676'>
    <name>Login</name>
    <title>Login</title>
    <test-cases>
        <test-case start='1673277289414' status='passed' stop='1673277290092'>
            <name>Should visit the login page correctly</name>
            <title>Should visit the login page correctly</title>
            <labels/>
            <parameters/>
            <steps/>
            <attachments/>
        </test-case>
        <test-case start='1673277290136' status='passed' stop='1673277291281'>
            <name>Login as incubator</name>
            <title>Login as incubator</title>
            <labels/>
            <parameters/>
            <steps/>
            <attachments/>
        </test-case>
        <test-case start='1673277291294' status='passed' stop='1673277291848'>
            <name>Open the page Porgrams</name>
            <title>Open the page Porgrams</title>
            <labels/>
            <parameters/>
            <steps/>
            <attachments/>
        </test-case>
        <test-case start='1673277291865' status='passed' stop='1673277292204'>
            <name>Open the popup for adding new program</name>
            <title>Open the popup for adding new program</title>
            <labels/>
            <parameters/>
            <steps/>
            <attachments/>
        </test-case>
        <test-case start='1673277292223' status='passed' stop='1673277295973'>
            <name>Fill the forms of addition new program and check the program is Successfuly added</name>
            <title>Fill the forms of addition new program and check the program is Successfuly added</title>
            <labels/>
            <parameters/>
            <steps/>
            <attachments/>
        </test-case>
        <test-case start='1673277295990' status='passed' stop='1673277296321'>
            <name>Open the popup for adding new Cycle</name>
            <title>Open the popup for adding new Cycle</title>
            <labels/>
            <parameters/>
            <steps/>
            <attachments/>
        </test-case>
        <test-case start='1673277296336' status='passed' stop='1673277308816'>
            <name>Fill the forms of addition new cycle and check the cycle is Successfuly added</name>
            <title>Fill the forms of addition new cycle and check the cycle is Successfuly added</title>
            <labels/>
            <parameters/>
            <steps/>
            <attachments/>
        </test-case>
        <test-case start='1673277308885' status='passed' stop='1673277309256'>
            <name>LogOut from the website</name>
            <title>LogOut from the website</title>
            <labels/>
            <parameters/>
            <steps/>
            <attachments/>
        </test-case>
        <test-case start='1673277309261' status='passed' stop='1673277319513'>
            <name>Login as admin</name>
            <title>Login as admin</title>
            <labels/>
            <parameters/>
            <steps/>
            <attachments/>
        </test-case>
        <test-case start='1673277319526' status='passed' stop='1673277320139'>
            <name>Go to Support</name>
            <title>Go to Support</title>
            <labels/>
            <parameters/>
            <steps/>
            <attachments/>
        </test-case>
        <test-case start='1673277320141' status='passed' stop='1673277326147'>
            <name>Accept Cycle Approval </name>
            <title>Accept Cycle Approval </title>
            <labels/>
            <parameters/>
            <steps/>
            <attachments/>
        </test-case>
        <test-case start='1673277326153' status='passed' stop='1673277326551'>
            <name>LogOut from the website</name>
            <title>LogOut from the website</title>
            <labels/>
            <parameters/>
            <steps/>
            <attachments/>
        </test-case>
        <test-case start='1673277326566' status='passed' stop='1673277337315'>
            <name>Login as Incubator</name>
            <title>Login as Incubator</title>
            <labels/>
            <parameters/>
            <steps/>
            <attachments/>
        </test-case>
        <test-case start='1673277337333' status='failed' stop='1673277345583'>
            <name>Check the content message of the notification </name>
            <title>Check the content message of the notification </title>
            <labels/>
            <parameters/>
            <steps/>
            <attachments/>
            <failure>
                <message>Timed out retrying after 4000ms: Expected to find element: `[href="/admin/supports/inbox/cycleApproval"]`, but never found it.</message>
                <stack-trace>AssertionError: Timed out retrying after 4000ms: Expected to find element: `[href="/admin/supports/inbox/cycleApproval"]`, but never found it.
                    at Context.eval (webpack:///./cypress/PageObjects/Programs/AddNewProgramPage.js:12:15)</stack-trace>
            </failure>
        </test-case>
    </test-cases>
</ns2:test-suite>